-------------------------------------------------------------------------------
Test set: org.apache.nifi.processors.WritePDFTextToStreamTest
-------------------------------------------------------------------------------
Tests run: 1, Failures: 1, Errors: 0, Skipped: 0, Time elapsed: 0.503 sec <<< FAILURE! - in org.apache.nifi.processors.WritePDFTextToStreamTest
testPDFTextRead(org.apache.nifi.processors.WritePDFTextToStreamTest)  Time elapsed: 0.503 sec  <<< FAILURE!
java.lang.AssertionError: java.lang.NullPointerException
	at org.apache.nifi.util.StandardProcessorTestRunner.run(StandardProcessorTestRunner.java:238)
	at org.apache.nifi.util.StandardProcessorTestRunner.run(StandardProcessorTestRunner.java:197)
	at org.apache.nifi.util.StandardProcessorTestRunner.run(StandardProcessorTestRunner.java:192)
	at org.apache.nifi.util.StandardProcessorTestRunner.run(StandardProcessorTestRunner.java:187)
	at org.apache.nifi.util.StandardProcessorTestRunner.run(StandardProcessorTestRunner.java:182)
	at org.apache.nifi.processors.WritePDFTextToStreamTest.verifyTestRunnerFlow(WritePDFTextToStreamTest.java:65)
	at org.apache.nifi.processors.WritePDFTextToStreamTest.testPDFTextRead(WritePDFTextToStreamTest.java:47)
Caused by: java.lang.NullPointerException: null
	at org.apache.nifi.processors.WritePDFTextToStream$1.process(WritePDFTextToStream.java:156)
	at org.apache.nifi.util.MockProcessSession.read(MockProcessSession.java:421)
	at org.apache.nifi.util.MockProcessSession.read(MockProcessSession.java:404)
	at org.apache.nifi.processors.WritePDFTextToStream.onTrigger(WritePDFTextToStream.java:140)
	at org.apache.nifi.processor.AbstractProcessor.onTrigger(AbstractProcessor.java:27)
	at org.apache.nifi.util.StandardProcessorTestRunner$RunProcessor.call(StandardProcessorTestRunner.java:288)
	at org.apache.nifi.util.StandardProcessorTestRunner$RunProcessor.call(StandardProcessorTestRunner.java:282)
	at java.util.concurrent.FutureTask.run(FutureTask.java:266)
	at java.util.concurrent.ThreadPoolExecutor.runWorker(ThreadPoolExecutor.java:1142)
	at java.util.concurrent.ThreadPoolExecutor$Worker.run(ThreadPoolExecutor.java:617)
	at java.lang.Thread.run(Thread.java:745)

